<?xml version="1.0" encoding="UTF-8"?>
<testsuite name="Utest" tests="1" skipped="0" failures="0" errors="0" timestamp="2023-04-15T23:08:32" hostname="INFOS-338" time="36.777">
  <properties/>
  <testcase name="Join to UTest Community" classname="Utest" time="36.777"/>
  <system-out><![CDATA[]]></system-out>
  <system-err><![CDATA[[Test worker] WARN net.thucydides.core.steps.BaseStepListener - stepStarted: net.thucydides.core.steps.ExecutedStepDescription@35fe2125
[Test worker] WARN net.thucydides.core.steps.BaseStepListener - stepStarted: net.thucydides.core.steps.ExecutedStepDescription@ea9e141
[Test worker] WARN net.thucydides.core.steps.BaseStepListener - stepStarted: net.thucydides.core.steps.ExecutedStepDescription@46678e49
abr 15, 2023 6:08:33 PM org.openqa.selenium.remote.DesiredCapabilities chrome
INFORMACIÓN: Using `new ChromeOptions()` is preferred to `DesiredCapabilities.chrome()`
[Test worker] INFO net.serenitybdd.core.webdriver.driverproviders.ProvideNewDriver - Instantiating driver
[Test worker] INFO net.serenitybdd.core.webdriver.driverproviders.ProvideNewDriver - Driver capabilities: Capabilities {acceptInsecureCerts: false, browserName: chrome, chrome.switches: --start-maximized, goog:chromeOptions: {args: [--start-maximized], extensions: []}, loggingPrefs: org.openqa.selenium.logging..., platform: ANY, version: }
Starting ChromeDriver 112.0.5615.49 (bd2a7bcb881c11e8cfe3078709382934e3916914-refs/branch-heads/5615@{#936}) on port 19571
Only local connections are allowed.
Please see https://chromedriver.chromium.org/security-considerations for suggestions on keeping ChromeDriver safe.
ChromeDriver was started successfully.
abr 15, 2023 6:08:38 PM org.openqa.selenium.remote.ProtocolHandshake createSession
INFORMACIÓN: Detected dialect: W3C
[Test worker] WARN net.thucydides.core.steps.BaseStepListener - stepFinished: current outcome:Join to UTest Community:Given than abel wants to join community at utest [Abel open up [Abel opens the Utest page]]
[Test worker] WARN net.thucydides.core.steps.BaseStepListener - stepFinished: current outcome:Join to UTest Community:Given than abel wants to join community at utest [Abel open up [Abel opens the Utest page]]
[Test worker] WARN net.thucydides.core.steps.BaseStepListener - stepFinished: current outcome:Join to UTest Community:Given than abel wants to join community at utest [Abel open up [Abel opens the Utest page]]
[Test worker] WARN net.thucydides.core.steps.BaseStepListener - stepStarted: net.thucydides.core.steps.ExecutedStepDescription@4c5a2baf
[Test worker] WARN net.thucydides.core.steps.BaseStepListener - stepStarted: net.thucydides.core.steps.ExecutedStepDescription@5b5b59
[Test worker] WARN net.thucydides.core.steps.BaseStepListener - stepStarted: net.thucydides.core.steps.ExecutedStepDescription@1a464fa3
[Test worker] WARN net.thucydides.core.steps.BaseStepListener - stepFinished: current outcome:Join to UTest Community:Given than abel wants to join community at utest [Abel open up [Abel opens the Utest page]], When he fills all the forms needed on the utest platform [Abel join today [Abel clicks on button that shows us the form to join]]
[Test worker] WARN net.thucydides.core.steps.BaseStepListener - stepStarted: net.thucydides.core.steps.ExecutedStepDescription@77429040
[Test worker] WARN net.thucydides.core.steps.BaseStepListener - stepFinished: current outcome:Join to UTest Community:Given than abel wants to join community at utest [Abel open up [Abel opens the Utest page]], When he fills all the forms needed on the utest platform [Abel join today [Abel clicks on button that shows us the form to join, Abel enters 'Abel' into where do we write our first name]]
[Test worker] WARN net.thucydides.core.steps.BaseStepListener - stepStarted: net.thucydides.core.steps.ExecutedStepDescription@2e5e6fc4
[Test worker] WARN net.thucydides.core.steps.BaseStepListener - stepFinished: current outcome:Join to UTest Community:Given than abel wants to join community at utest [Abel open up [Abel opens the Utest page]], When he fills all the forms needed on the utest platform [Abel join today [Abel clicks on button that shows us the form to join, Abel enters 'Abel' into where do we write our first name, Abel enters 'Gallardo' into where do we write our last name]]
[Test worker] WARN net.thucydides.core.steps.BaseStepListener - stepStarted: net.thucydides.core.steps.ExecutedStepDescription@7f79edee
[Test worker] WARN net.thucydides.core.steps.BaseStepListener - stepFinished: current outcome:Join to UTest Community:Given than abel wants to join community at utest [Abel open up [Abel opens the Utest page]], When he fills all the forms needed on the utest platform [Abel join today [Abel clicks on button that shows us the form to join, Abel enters 'Abel' into where do we write our first name, Abel enters 'Gallardo' into where do we write our last name, Abel enters 'ernestoh3226@gmail.com' into where do we write our email]]
[Test worker] WARN net.thucydides.core.steps.BaseStepListener - stepStarted: net.thucydides.core.steps.ExecutedStepDescription@566e142
[Test worker] WARN net.thucydides.core.steps.BaseStepListener - stepFinished: current outcome:Join to UTest Community:Given than abel wants to join community at utest [Abel open up [Abel opens the Utest page]], When he fills all the forms needed on the utest platform [Abel join today [Abel clicks on button that shows us the form to join, Abel enters 'Abel' into where do we write our first name, Abel enters 'Gallardo' into where do we write our last name, Abel enters 'ernestoh3226@gmail.com' into where do we write our email, Abel clicks on where do we put our month of birth]]
[Test worker] WARN net.thucydides.core.steps.BaseStepListener - stepStarted: net.thucydides.core.steps.ExecutedStepDescription@27f3f512
[Test worker] WARN net.thucydides.core.steps.BaseStepListener - stepFinished: current outcome:Join to UTest Community:Given than abel wants to join community at utest [Abel open up [Abel opens the Utest page]], When he fills all the forms needed on the utest platform [Abel join today [Abel clicks on button that shows us the form to join, Abel enters 'Abel' into where do we write our first name, Abel enters 'Gallardo' into where do we write our last name, Abel enters 'ernestoh3226@gmail.com' into where do we write our email, Abel clicks on where do we put our month of birth, Abel select July on where do we put our month of birth]]
[Test worker] WARN net.thucydides.core.steps.BaseStepListener - stepStarted: net.thucydides.core.steps.ExecutedStepDescription@44286963
[Test worker] WARN net.thucydides.core.steps.BaseStepListener - stepFinished: current outcome:Join to UTest Community:Given than abel wants to join community at utest [Abel open up [Abel opens the Utest page]], When he fills all the forms needed on the utest platform [Abel join today [Abel clicks on button that shows us the form to join, Abel enters 'Abel' into where do we write our first name, Abel enters 'Gallardo' into where do we write our last name, Abel enters 'ernestoh3226@gmail.com' into where do we write our email, Abel clicks on where do we put our month of birth, Abel select July on where do we put our month of birth, Abel clicks on where do we put our day of birth]]
[Test worker] WARN net.thucydides.core.steps.BaseStepListener - stepStarted: net.thucydides.core.steps.ExecutedStepDescription@5bcec67e
[Test worker] WARN net.thucydides.core.steps.BaseStepListener - stepFinished: current outcome:Join to UTest Community:Given than abel wants to join community at utest [Abel open up [Abel opens the Utest page]], When he fills all the forms needed on the utest platform [Abel join today [Abel clicks on button that shows us the form to join, Abel enters 'Abel' into where do we write our first name, Abel enters 'Gallardo' into where do we write our last name, Abel enters 'ernestoh3226@gmail.com' into where do we write our email, Abel clicks on where do we put our month of birth, Abel select July on where do we put our month of birth, Abel clicks on where do we put our day of birth, Abel select 23 on where do we put our day of birth]]
[Test worker] WARN net.thucydides.core.steps.BaseStepListener - stepStarted: net.thucydides.core.steps.ExecutedStepDescription@faea4da
[Test worker] WARN net.thucydides.core.steps.BaseStepListener - stepFinished: current outcome:Join to UTest Community:Given than abel wants to join community at utest [Abel open up [Abel opens the Utest page]], When he fills all the forms needed on the utest platform [Abel join today [Abel clicks on button that shows us the form to join, Abel enters 'Abel' into where do we write our first name, Abel enters 'Gallardo' into where do we write our last name, Abel enters 'ernestoh3226@gmail.com' into where do we write our email, Abel clicks on where do we put our month of birth, Abel select July on where do we put our month of birth, Abel clicks on where do we put our day of birth, Abel select 23 on where do we put our day of birth, Abel clicks on where do we put our year of birth]]
[Test worker] WARN net.thucydides.core.steps.BaseStepListener - stepStarted: net.thucydides.core.steps.ExecutedStepDescription@8e25d3f
[Test worker] WARN net.thucydides.core.steps.BaseStepListener - stepFinished: current outcome:Join to UTest Community:Given than abel wants to join community at utest [Abel open up [Abel opens the Utest page]], When he fills all the forms needed on the utest platform [Abel join today [Abel clicks on button that shows us the form to join, Abel enters 'Abel' into where do we write our first name, Abel enters 'Gallardo' into where do we write our last name, Abel enters 'ernestoh3226@gmail.com' into where do we write our email, Abel clicks on where do we put our month of birth, Abel select July on where do we put our month of birth, Abel clicks on where do we put our day of birth, Abel select 23 on where do we put our day of birth, Abel clicks on where do we put our year of birth, Abel select 1997 on where do we put our year of birth]]
[Test worker] WARN net.thucydides.core.steps.BaseStepListener - stepStarted: net.thucydides.core.steps.ExecutedStepDescription@562919fe
[Test worker] WARN net.thucydides.core.steps.BaseStepListener - stepFinished: current outcome:Join to UTest Community:Given than abel wants to join community at utest [Abel open up [Abel opens the Utest page]], When he fills all the forms needed on the utest platform [Abel join today [Abel clicks on button that shows us the form to join, Abel enters 'Abel' into where do we write our first name, Abel enters 'Gallardo' into where do we write our last name, Abel enters 'ernestoh3226@gmail.com' into where do we write our email, Abel clicks on where do we put our month of birth, Abel select July on where do we put our month of birth, Abel clicks on where do we put our day of birth, Abel select 23 on where do we put our day of birth, Abel clicks on where do we put our year of birth, Abel select 1997 on where do we put our year of birth, Abel clicks on button that go to next form location]]
[Test worker] WARN net.thucydides.core.steps.BaseStepListener - stepStarted: net.thucydides.core.steps.ExecutedStepDescription@5e9bbd9d
[Test worker] WARN net.thucydides.core.steps.BaseStepListener - stepFinished: current outcome:Join to UTest Community:Given than abel wants to join community at utest [Abel open up [Abel opens the Utest page]], When he fills all the forms needed on the utest platform [Abel join today [Abel clicks on button that shows us the form to join, Abel enters 'Abel' into where do we write our first name, Abel enters 'Gallardo' into where do we write our last name, Abel enters 'ernestoh3226@gmail.com' into where do we write our email, Abel clicks on where do we put our month of birth, Abel select July on where do we put our month of birth, Abel clicks on where do we put our day of birth, Abel select 23 on where do we put our day of birth, Abel clicks on where do we put our year of birth, Abel select 1997 on where do we put our year of birth, Abel clicks on button that go to next form location, Abel enters '0601' into where do we put our zip or postal code]]
[Test worker] WARN net.thucydides.core.steps.BaseStepListener - stepStarted: net.thucydides.core.steps.ExecutedStepDescription@653fb8d1
[Test worker] WARN net.thucydides.core.steps.BaseStepListener - stepFinished: current outcome:Join to UTest Community:Given than abel wants to join community at utest [Abel open up [Abel opens the Utest page]], When he fills all the forms needed on the utest platform [Abel join today [Abel clicks on button that shows us the form to join, Abel enters 'Abel' into where do we write our first name, Abel enters 'Gallardo' into where do we write our last name, Abel enters 'ernestoh3226@gmail.com' into where do we write our email, Abel clicks on where do we put our month of birth, Abel select July on where do we put our month of birth, Abel clicks on where do we put our day of birth, Abel select 23 on where do we put our day of birth, Abel clicks on where do we put our year of birth, Abel select 1997 on where do we put our year of birth, Abel clicks on button that go to next form location, Abel enters '0601' into where do we put our zip or postal code, Abel clicks on button that go to next form devices]]
[Test worker] WARN net.thucydides.core.steps.BaseStepListener - stepStarted: net.thucydides.core.steps.ExecutedStepDescription@e5c2463
[Test worker] WARN net.thucydides.core.steps.BaseStepListener - stepFinished: current outcome:Join to UTest Community:Given than abel wants to join community at utest [Abel open up [Abel opens the Utest page]], When he fills all the forms needed on the utest platform [Abel join today [Abel clicks on button that shows us the form to join, Abel enters 'Abel' into where do we write our first name, Abel enters 'Gallardo' into where do we write our last name, Abel enters 'ernestoh3226@gmail.com' into where do we write our email, Abel clicks on where do we put our month of birth, Abel select July on where do we put our month of birth, Abel clicks on where do we put our day of birth, Abel select 23 on where do we put our day of birth, Abel clicks on where do we put our year of birth, Abel select 1997 on where do we put our year of birth, Abel clicks on button that go to next form location, Abel enters '0601' into where do we put our zip or postal code, Abel clicks on button that go to next form devices, Abel clicks on button that go to next form last step]]
[Test worker] WARN net.thucydides.core.steps.BaseStepListener - stepStarted: net.thucydides.core.steps.ExecutedStepDescription@79ba0a6f
[Test worker] WARN net.thucydides.core.steps.BaseStepListener - stepFinished: current outcome:Join to UTest Community:Given than abel wants to join community at utest [Abel open up [Abel opens the Utest page]], When he fills all the forms needed on the utest platform [Abel join today [Abel clicks on button that shows us the form to join, Abel enters 'Abel' into where do we write our first name, Abel enters 'Gallardo' into where do we write our last name, Abel enters 'ernestoh3226@gmail.com' into where do we write our email, Abel clicks on where do we put our month of birth, Abel select July on where do we put our month of birth, Abel clicks on where do we put our day of birth, Abel select 23 on where do we put our day of birth, Abel clicks on where do we put our year of birth, Abel select 1997 on where do we put our year of birth, Abel clicks on button that go to next form location, Abel enters '0601' into where do we put our zip or postal code, Abel clicks on button that go to next form devices, Abel clicks on button that go to next form last step, Abel clicks on where do we type our password]]
[Test worker] WARN net.thucydides.core.steps.BaseStepListener - stepStarted: net.thucydides.core.steps.ExecutedStepDescription@166c2c17
[Test worker] WARN net.thucydides.core.steps.BaseStepListener - stepFinished: current outcome:Join to UTest Community:Given than abel wants to join community at utest [Abel open up [Abel opens the Utest page]], When he fills all the forms needed on the utest platform [Abel join today [Abel clicks on button that shows us the form to join, Abel enters 'Abel' into where do we write our first name, Abel enters 'Gallardo' into where do we write our last name, Abel enters 'ernestoh3226@gmail.com' into where do we write our email, Abel clicks on where do we put our month of birth, Abel select July on where do we put our month of birth, Abel clicks on where do we put our day of birth, Abel select 23 on where do we put our day of birth, Abel clicks on where do we put our year of birth, Abel select 1997 on where do we put our year of birth, Abel clicks on button that go to next form location, Abel enters '0601' into where do we put our zip or postal code, Abel clicks on button that go to next form devices, Abel clicks on button that go to next form last step, Abel clicks on where do we type our password, Abel enters 'Abelgallardo2023*' into where do we type our password]]
[Test worker] WARN net.thucydides.core.steps.BaseStepListener - stepStarted: net.thucydides.core.steps.ExecutedStepDescription@61608e1a
[Test worker] WARN net.thucydides.core.steps.BaseStepListener - stepFinished: current outcome:Join to UTest Community:Given than abel wants to join community at utest [Abel open up [Abel opens the Utest page]], When he fills all the forms needed on the utest platform [Abel join today [Abel clicks on button that shows us the form to join, Abel enters 'Abel' into where do we write our first name, Abel enters 'Gallardo' into where do we write our last name, Abel enters 'ernestoh3226@gmail.com' into where do we write our email, Abel clicks on where do we put our month of birth, Abel select July on where do we put our month of birth, Abel clicks on where do we put our day of birth, Abel select 23 on where do we put our day of birth, Abel clicks on where do we put our year of birth, Abel select 1997 on where do we put our year of birth, Abel clicks on button that go to next form location, Abel enters '0601' into where do we put our zip or postal code, Abel clicks on button that go to next form devices, Abel clicks on button that go to next form last step, Abel clicks on where do we type our password, Abel enters 'Abelgallardo2023*' into where do we type our password, Abel clicks on where do we type our confirm password]]
[Test worker] WARN net.thucydides.core.steps.BaseStepListener - stepStarted: net.thucydides.core.steps.ExecutedStepDescription@6637a365
[Test worker] WARN net.thucydides.core.steps.BaseStepListener - stepFinished: current outcome:Join to UTest Community:Given than abel wants to join community at utest [Abel open up [Abel opens the Utest page]], When he fills all the forms needed on the utest platform [Abel join today [Abel clicks on button that shows us the form to join, Abel enters 'Abel' into where do we write our first name, Abel enters 'Gallardo' into where do we write our last name, Abel enters 'ernestoh3226@gmail.com' into where do we write our email, Abel clicks on where do we put our month of birth, Abel select July on where do we put our month of birth, Abel clicks on where do we put our day of birth, Abel select 23 on where do we put our day of birth, Abel clicks on where do we put our year of birth, Abel select 1997 on where do we put our year of birth, Abel clicks on button that go to next form location, Abel enters '0601' into where do we put our zip or postal code, Abel clicks on button that go to next form devices, Abel clicks on button that go to next form last step, Abel clicks on where do we type our password, Abel enters 'Abelgallardo2023*' into where do we type our password, Abel clicks on where do we type our confirm password, Abel enters 'Abelgallardo2023*' into where do we type our confirm password]]
[Test worker] WARN net.thucydides.core.steps.BaseStepListener - stepStarted: net.thucydides.core.steps.ExecutedStepDescription@5234b61a
[Test worker] WARN net.thucydides.core.steps.BaseStepListener - stepFinished: current outcome:Join to UTest Community:Given than abel wants to join community at utest [Abel open up [Abel opens the Utest page]], When he fills all the forms needed on the utest platform [Abel join today [Abel clicks on button that shows us the form to join, Abel enters 'Abel' into where do we write our first name, Abel enters 'Gallardo' into where do we write our last name, Abel enters 'ernestoh3226@gmail.com' into where do we write our email, Abel clicks on where do we put our month of birth, Abel select July on where do we put our month of birth, Abel clicks on where do we put our day of birth, Abel select 23 on where do we put our day of birth, Abel clicks on where do we put our year of birth, Abel select 1997 on where do we put our year of birth, Abel clicks on button that go to next form location, Abel enters '0601' into where do we put our zip or postal code, Abel clicks on button that go to next form devices, Abel clicks on button that go to next form last step, Abel clicks on where do we type our password, Abel enters 'Abelgallardo2023*' into where do we type our password, Abel clicks on where do we type our confirm password, Abel enters 'Abelgallardo2023*' into where do we type our confirm password, Abel clicks on where do we accept the  of use]]
[Test worker] WARN net.thucydides.core.steps.BaseStepListener - stepStarted: net.thucydides.core.steps.ExecutedStepDescription@4cffd3fd
[Test worker] WARN net.thucydides.core.steps.BaseStepListener - stepFinished: current outcome:Join to UTest Community:Given than abel wants to join community at utest [Abel open up [Abel opens the Utest page]], When he fills all the forms needed on the utest platform [Abel join today [Abel clicks on button that shows us the form to join, Abel enters 'Abel' into where do we write our first name, Abel enters 'Gallardo' into where do we write our last name, Abel enters 'ernestoh3226@gmail.com' into where do we write our email, Abel clicks on where do we put our month of birth, Abel select July on where do we put our month of birth, Abel clicks on where do we put our day of birth, Abel select 23 on where do we put our day of birth, Abel clicks on where do we put our year of birth, Abel select 1997 on where do we put our year of birth, Abel clicks on button that go to next form location, Abel enters '0601' into where do we put our zip or postal code, Abel clicks on button that go to next form devices, Abel clicks on button that go to next form last step, Abel clicks on where do we type our password, Abel enters 'Abelgallardo2023*' into where do we type our password, Abel clicks on where do we type our confirm password, Abel enters 'Abelgallardo2023*' into where do we type our confirm password, Abel clicks on where do we accept the  of use, Abel clicks on where do we accept the privacy policy]]
[Test worker] WARN net.thucydides.core.steps.BaseStepListener - stepStarted: net.thucydides.core.steps.ExecutedStepDescription@11b5f4e2
[Test worker] WARN net.thucydides.core.steps.BaseStepListener - stepFinished: current outcome:Join to UTest Community:Given than abel wants to join community at utest [Abel open up [Abel opens the Utest page]], When he fills all the forms needed on the utest platform [Abel join today [Abel clicks on button that shows us the form to join, Abel enters 'Abel' into where do we write our first name, Abel enters 'Gallardo' into where do we write our last name, Abel enters 'ernestoh3226@gmail.com' into where do we write our email, Abel clicks on where do we put our month of birth, Abel select July on where do we put our month of birth, Abel clicks on where do we put our day of birth, Abel select 23 on where do we put our day of birth, Abel clicks on where do we put our year of birth, Abel select 1997 on where do we put our year of birth, Abel clicks on button that go to next form location, Abel enters '0601' into where do we put our zip or postal code, Abel clicks on button that go to next form devices, Abel clicks on button that go to next form last step, Abel clicks on where do we type our password, Abel enters 'Abelgallardo2023*' into where do we type our password, Abel clicks on where do we type our confirm password, Abel enters 'Abelgallardo2023*' into where do we type our confirm password, Abel clicks on where do we accept the  of use, Abel clicks on where do we accept the privacy policy, Abel clicks on button that complete the setup]]
[Test worker] WARN net.thucydides.core.steps.BaseStepListener - stepFinished: current outcome:Join to UTest Community:Given than abel wants to join community at utest [Abel open up [Abel opens the Utest page]], When he fills all the forms needed on the utest platform [Abel join today [Abel clicks on button that shows us the form to join, Abel enters 'Abel' into where do we write our first name, Abel enters 'Gallardo' into where do we write our last name, Abel enters 'ernestoh3226@gmail.com' into where do we write our email, Abel clicks on where do we put our month of birth, Abel select July on where do we put our month of birth, Abel clicks on where do we put our day of birth, Abel select 23 on where do we put our day of birth, Abel clicks on where do we put our year of birth, Abel select 1997 on where do we put our year of birth, Abel clicks on button that go to next form location, Abel enters '0601' into where do we put our zip or postal code, Abel clicks on button that go to next form devices, Abel clicks on button that go to next form last step, Abel clicks on where do we type our password, Abel enters 'Abelgallardo2023*' into where do we type our password, Abel clicks on where do we type our confirm password, Abel enters 'Abelgallardo2023*' into where do we type our confirm password, Abel clicks on where do we accept the  of use, Abel clicks on where do we accept the privacy policy, Abel clicks on button that complete the setup]]
[Test worker] WARN net.thucydides.core.steps.BaseStepListener - stepFinished: current outcome:Join to UTest Community:Given than abel wants to join community at utest [Abel open up [Abel opens the Utest page]], When he fills all the forms needed on the utest platform [Abel join today [Abel clicks on button that shows us the form to join, Abel enters 'Abel' into where do we write our first name, Abel enters 'Gallardo' into where do we write our last name, Abel enters 'ernestoh3226@gmail.com' into where do we write our email, Abel clicks on where do we put our month of birth, Abel select July on where do we put our month of birth, Abel clicks on where do we put our day of birth, Abel select 23 on where do we put our day of birth, Abel clicks on where do we put our year of birth, Abel select 1997 on where do we put our year of birth, Abel clicks on button that go to next form location, Abel enters '0601' into where do we put our zip or postal code, Abel clicks on button that go to next form devices, Abel clicks on button that go to next form last step, Abel clicks on where do we type our password, Abel enters 'Abelgallardo2023*' into where do we type our password, Abel clicks on where do we type our confirm password, Abel enters 'Abelgallardo2023*' into where do we type our confirm password, Abel clicks on where do we accept the  of use, Abel clicks on where do we accept the privacy policy, Abel clicks on button that complete the setup]]
[Test worker] WARN net.thucydides.core.steps.BaseStepListener - stepStarted: net.thucydides.core.steps.ExecutedStepDescription@2fc49538
[Test worker] WARN net.thucydides.core.steps.BaseStepListener - stepStarted: net.thucydides.core.steps.ExecutedStepDescription@7c588adc
[Test worker] WARN net.thucydides.core.steps.BaseStepListener - stepFinished: current outcome:Join to UTest Community:Given than abel wants to join community at utest [Abel open up [Abel opens the Utest page]], When he fills all the forms needed on the utest platform [Abel join today [Abel clicks on button that shows us the form to join, Abel enters 'Abel' into where do we write our first name, Abel enters 'Gallardo' into where do we write our last name, Abel enters 'ernestoh3226@gmail.com' into where do we write our email, Abel clicks on where do we put our month of birth, Abel select July on where do we put our month of birth, Abel clicks on where do we put our day of birth, Abel select 23 on where do we put our day of birth, Abel clicks on where do we put our year of birth, Abel select 1997 on where do we put our year of birth, Abel clicks on button that go to next form location, Abel enters '0601' into where do we put our zip or postal code, Abel clicks on button that go to next form devices, Abel clicks on button that go to next form last step, Abel clicks on where do we type our password, Abel enters 'Abelgallardo2023*' into where do we type our password, Abel clicks on where do we type our confirm password, Abel enters 'Abelgallardo2023*' into where do we type our confirm password, Abel clicks on where do we accept the  of use, Abel clicks on where do we accept the privacy policy, Abel clicks on button that complete the setup]], Then he see the message Welcome to the world's largest community of freelance software testers! [Then answer]
[Test worker] WARN net.thucydides.core.steps.BaseStepListener - stepFinished: current outcome:Join to UTest Community:Given than abel wants to join community at utest [Abel open up [Abel opens the Utest page]], When he fills all the forms needed on the utest platform [Abel join today [Abel clicks on button that shows us the form to join, Abel enters 'Abel' into where do we write our first name, Abel enters 'Gallardo' into where do we write our last name, Abel enters 'ernestoh3226@gmail.com' into where do we write our email, Abel clicks on where do we put our month of birth, Abel select July on where do we put our month of birth, Abel clicks on where do we put our day of birth, Abel select 23 on where do we put our day of birth, Abel clicks on where do we put our year of birth, Abel select 1997 on where do we put our year of birth, Abel clicks on button that go to next form location, Abel enters '0601' into where do we put our zip or postal code, Abel clicks on button that go to next form devices, Abel clicks on button that go to next form last step, Abel clicks on where do we type our password, Abel enters 'Abelgallardo2023*' into where do we type our password, Abel clicks on where do we type our confirm password, Abel enters 'Abelgallardo2023*' into where do we type our confirm password, Abel clicks on where do we accept the  of use, Abel clicks on where do we accept the privacy policy, Abel clicks on button that complete the setup]], Then he see the message Welcome to the world's largest community of freelance software testers! [Then answer]
[Test worker] WARN net.thucydides.core.steps.BaseStepListener - testFinished: Join to UTest Community:Given than abel wants to join community at utest [Abel open up [Abel opens the Utest page]], When he fills all the forms needed on the utest platform [Abel join today [Abel clicks on button that shows us the form to join, Abel enters 'Abel' into where do we write our first name, Abel enters 'Gallardo' into where do we write our last name, Abel enters 'ernestoh3226@gmail.com' into where do we write our email, Abel clicks on where do we put our month of birth, Abel select July on where do we put our month of birth, Abel clicks on where do we put our day of birth, Abel select 23 on where do we put our day of birth, Abel clicks on where do we put our year of birth, Abel select 1997 on where do we put our year of birth, Abel clicks on button that go to next form location, Abel enters '0601' into where do we put our zip or postal code, Abel clicks on button that go to next form devices, Abel clicks on button that go to next form last step, Abel clicks on where do we type our password, Abel enters 'Abelgallardo2023*' into where do we type our password, Abel clicks on where do we type our confirm password, Abel enters 'Abelgallardo2023*' into where do we type our confirm password, Abel clicks on where do we accept the  of use, Abel clicks on where do we accept the privacy policy, Abel clicks on button that complete the setup]], Then he see the message Welcome to the world's largest community of freelance software testers! [Then answer]
[Test worker] WARN net.thucydides.core.steps.BaseStepListener - TestOutcomes: [Join to UTest Community:Given than abel wants to join community at utest [Abel open up [Abel opens the Utest page]], When he fills all the forms needed on the utest platform [Abel join today [Abel clicks on button that shows us the form to join, Abel enters 'Abel' into where do we write our first name, Abel enters 'Gallardo' into where do we write our last name, Abel enters 'ernestoh3226@gmail.com' into where do we write our email, Abel clicks on where do we put our month of birth, Abel select July on where do we put our month of birth, Abel clicks on where do we put our day of birth, Abel select 23 on where do we put our day of birth, Abel clicks on where do we put our year of birth, Abel select 1997 on where do we put our year of birth, Abel clicks on button that go to next form location, Abel enters '0601' into where do we put our zip or postal code, Abel clicks on button that go to next form devices, Abel clicks on button that go to next form last step, Abel clicks on where do we type our password, Abel enters 'Abelgallardo2023*' into where do we type our password, Abel clicks on where do we type our confirm password, Abel enters 'Abelgallardo2023*' into where do we type our confirm password, Abel clicks on where do we accept the  of use, Abel clicks on where do we accept the privacy policy, Abel clicks on button that complete the setup]], Then he see the message Welcome to the world's largest community of freelance software testers! [Then answer]]
[Test worker] WARN net.thucydides.core.steps.BaseStepListener - Final testOutcomes: [Join to UTest Community:Given than abel wants to join community at utest [Abel open up [Abel opens the Utest page]], When he fills all the forms needed on the utest platform [Abel join today [Abel clicks on button that shows us the form to join, Abel enters 'Abel' into where do we write our first name, Abel enters 'Gallardo' into where do we write our last name, Abel enters 'ernestoh3226@gmail.com' into where do we write our email, Abel clicks on where do we put our month of birth, Abel select July on where do we put our month of birth, Abel clicks on where do we put our day of birth, Abel select 23 on where do we put our day of birth, Abel clicks on where do we put our year of birth, Abel select 1997 on where do we put our year of birth, Abel clicks on button that go to next form location, Abel enters '0601' into where do we put our zip or postal code, Abel clicks on button that go to next form devices, Abel clicks on button that go to next form last step, Abel clicks on where do we type our password, Abel enters 'Abelgallardo2023*' into where do we type our password, Abel clicks on where do we type our confirm password, Abel enters 'Abelgallardo2023*' into where do we type our confirm password, Abel clicks on where do we accept the  of use, Abel clicks on where do we accept the privacy policy, Abel clicks on button that complete the setup]], Then he see the message Welcome to the world's largest community of freelance software testers! [Then answer]]
[Test worker] INFO net.thucydides.core.steps.ConsoleLoggingListener - 
        __    _____ _____ ____ _____   ____   _    ____  ____  _____ ____  
  _     \ \  |_   _| ____/ ___|_   _| |  _ \ / \  / ___|/ ___|| ____|  _ \ 
 (_)_____| |   | | |  _| \___ \ | |   | |_) / _ \ \___ \\___ \|  _| | | | |
  _|_____| |   | | | |___ ___) || |   |  __/ ___ \ ___) |___) | |___| |_| |
 (_)     | |   |_| |_____|____/ |_|   |_| /_/   \_\____/|____/|_____|____/ 
        /_/                                                                

TEST PASSED: Join to UTest Community
----------------------------------------------------------------------------
]]></system-err>
</testsuite>
